npm verbose cli C:\Program Files\nodejs\node.exe C:\Users\Nantes\AppData\Roaming\npm\node_modules\npm\bin\npm-cli.js
npm info using npm@10.8.2
npm info using node@v20.19.5
npm verbose title npm install
npm verbose argv "install" "--legacy-peer-deps" "--loglevel" "verbose"
npm verbose logfile logs-max:10 dir:C:\Users\Nantes\AppData\Local\npm-cache\_logs\2026-01-31T19_15_57_393Z-
npm verbose logfile C:\Users\Nantes\AppData\Local\npm-cache\_logs\2026-01-31T19_15_57_393Z-debug-0.log
npm http fetch GET 200 https://registry.npmjs.org/@faker-js%2ffaker 171ms (cache revalidated)
npm http fetch GET 200 https://registry.npmjs.org/cypress-mochawesome-reporter 245ms (cache revalidated)
npm http fetch GET 200 https://registry.npmjs.org/browserstack-cypress-cli 238ms (cache revalidated)
npm http fetch GET 200 https://registry.npmjs.org/cypress 252ms (cache revalidated)
npm http fetch GET 200 https://registry.npmjs.org/async 63ms (cache revalidated)
npm http fetch GET 200 https://registry.npmjs.org/axios-retry 105ms (cache revalidated)
npm http fetch GET 200 https://registry.npmjs.org/chalk 114ms (cache revalidated)
npm http fetch GET 200 https://registry.npmjs.org/axios 119ms (cache revalidated)
npm http fetch GET 200 https://registry.npmjs.org/cli-progress 130ms (cache revalidated)
npm http fetch GET 200 https://registry.npmjs.org/fs-extra 77ms (cache revalidated)
npm http fetch GET 200 https://registry.npmjs.org/archiver 149ms (cache revalidated)
npm http fetch GET 200 https://registry.npmjs.org/form-data 146ms (cache revalidated)
npm http fetch GET 200 https://registry.npmjs.org/https-proxy-agent 152ms (cache revalidated)
npm http fetch GET 200 https://registry.npmjs.org/mkdirp 58ms (cache revalidated)
npm http fetch GET 200 https://registry.npmjs.org/glob 77ms (cache revalidated)
npm http fetch GET 200 https://registry.npmjs.org/table 45ms (cache revalidated)
npm http fetch GET 200 https://registry.npmjs.org/unzipper 43ms (cache revalidated)
npm http fetch GET 200 https://registry.npmjs.org/decompress 311ms (cache revalidated)
npm http fetch GET 200 https://registry.npmjs.org/browserstack-local 323ms (cache revalidated)
npm http fetch GET 200 https://registry.npmjs.org/detect-port 324ms (cache revalidated)
npm http fetch GET 200 https://registry.npmjs.org/git-last-commit 251ms (cache revalidated)
npm http fetch GET 200 https://registry.npmjs.org/winston 41ms (cache revalidated)
npm http fetch GET 200 https://registry.npmjs.org/windows-release 53ms (cache revalidated)
npm http fetch GET 200 https://registry.npmjs.org/git-repo-info 253ms (cache revalidated)
npm http fetch GET 200 https://registry.npmjs.org/uuid 76ms (cache revalidated)
npm http fetch GET 200 https://registry.npmjs.org/gitconfiglocal 265ms (cache revalidated)
npm http fetch GET 200 https://registry.npmjs.org/mocha 252ms (cache revalidated)
npm http fetch GET 200 https://registry.npmjs.org/tmp 89ms (cache revalidated)
npm http fetch GET 200 https://registry.npmjs.org/node-ipc 314ms (cache revalidated)
npm http fetch GET 200 https://registry.npmjs.org/dayjs 89ms (cache revalidated)
npm http fetch GET 200 https://registry.npmjs.org/yargs 109ms (cache revalidated)
npm http fetch GET 200 https://registry.npmjs.org/arch 104ms (cache revalidated)
npm http fetch GET 200 https://registry.npmjs.org/tsc-alias 265ms (cache revalidated)
npm http fetch GET 200 https://registry.npmjs.org/getos 80ms (cache revalidated)
npm http fetch GET 200 https://registry.npmjs.org/execa 127ms (cache revalidated)
npm http fetch GET 200 https://registry.npmjs.org/debug 139ms (cache revalidated)
npm http fetch GET 200 https://registry.npmjs.org/ospath 53ms (cache revalidated)
npm http fetch GET 200 https://registry.npmjs.org/buffer 71ms (cache revalidated)
npm http fetch GET 200 https://registry.npmjs.org/listr2 77ms (cache revalidated)
npm http fetch GET 200 https://registry.npmjs.org/lodash 79ms (cache revalidated)
npm http fetch GET 200 https://registry.npmjs.org/yauzl 103ms (cache revalidated)
npm http fetch GET 200 https://registry.npmjs.org/semver 82ms (cache revalidated)
npm http fetch GET 200 https://registry.npmjs.org/update-notifier 276ms (cache revalidated)
npm http fetch GET 200 https://registry.npmjs.org/ci-info 58ms (cache revalidated)
npm http fetch GET 200 https://registry.npmjs.org/figures 65ms (cache revalidated)
npm http fetch GET 200 https://registry.npmjs.org/bluebird 80ms (cache revalidated)
npm http fetch GET 200 https://registry.npmjs.org/cachedir 77ms (cache revalidated)
npm http fetch GET 200 https://registry.npmjs.org/process 92ms (cache revalidated)
npm http fetch GET 200 https://registry.npmjs.org/lazy-ass 63ms (cache revalidated)
npm http fetch GET 200 https://registry.npmjs.org/tree-kill 53ms (cache revalidated)
npm http fetch GET 200 https://registry.npmjs.org/enquirer 80ms (cache revalidated)
npm http fetch GET 200 https://registry.npmjs.org/untildify 53ms (cache revalidated)
npm http fetch GET 200 https://registry.npmjs.org/minimist 83ms (cache revalidated)
npm http fetch GET 200 https://registry.npmjs.org/commander 78ms (cache revalidated)
npm http fetch GET 200 https://registry.npmjs.org/blob-util 87ms (cache revalidated)
npm http fetch GET 200 https://registry.npmjs.org/cli-cursor 52ms (cache revalidated)
npm http fetch GET 200 https://registry.npmjs.org/executable 59ms (cache revalidated)
npm http fetch GET 200 https://registry.npmjs.org/common-tags 63ms (cache revalidated)
npm http fetch GET 200 https://registry.npmjs.org/extract-zip 60ms (cache revalidated)
npm http fetch GET 200 https://registry.npmjs.org/log-symbols 59ms (cache revalidated)
npm http fetch GET 200 https://registry.npmjs.org/pretty-bytes 61ms (cache revalidated)
npm http fetch GET 200 https://registry.npmjs.org/proxy-from-env 43ms (cache revalidated)
npm http fetch GET 200 https://registry.npmjs.org/getmac 618ms (cache revalidated)
npm http fetch GET 200 https://registry.npmjs.org/@types%2fsizzle 80ms (cache revalidated)
npm http fetch GET 200 https://registry.npmjs.org/supports-color 54ms (cache revalidated)
npm http fetch GET 200 https://registry.npmjs.org/check-more-types 45ms (cache revalidated)
npm http fetch GET 200 https://registry.npmjs.org/@types%2fsinonjs__fake-timers 81ms (cache revalidated)
npm http fetch GET 200 https://registry.npmjs.org/eventemitter2 249ms (cache revalidated)
npm http fetch GET 200 https://registry.npmjs.org/@cypress%2frequest 225ms (cache revalidated)
npm http fetch GET 200 https://registry.npmjs.org/request-progress 243ms (cache revalidated)
npm http fetch GET 200 https://registry.npmjs.org/is-installed-globally 254ms (cache revalidated)
npm http fetch GET 200 https://registry.npmjs.org/mochawesome-merge 244ms (cache revalidated)
npm http fetch GET 200 https://registry.npmjs.org/cli-table3 613ms (cache revalidated)
npm http fetch GET 200 https://registry.npmjs.org/@cypress%2fxvfb 620ms (cache revalidated)
npm http fetch GET 200 https://registry.npmjs.org/mochawesome 704ms (cache revalidated)
npm http fetch GET 200 https://registry.npmjs.org/mochawesome-report-generator 724ms (cache revalidated)
npm http fetch GET 200 https://registry.npmjs.org/buffer-crc32 58ms (cache revalidated)
npm http fetch GET 200 https://registry.npmjs.org/readable-stream 61ms (cache revalidated)
npm http fetch GET 200 https://registry.npmjs.org/readdir-glob 71ms (cache revalidated)
npm http fetch GET 200 https://registry.npmjs.org/zip-stream 72ms (cache revalidated)
npm http fetch GET 200 https://registry.npmjs.org/tar-stream 75ms (cache revalidated)
npm http fetch GET 200 https://registry.npmjs.org/follow-redirects 78ms (cache revalidated)
npm http fetch GET 200 https://registry.npmjs.org/archiver-utils 87ms (cache revalidated)
npm http fetch GET 200 https://registry.npmjs.org/@babel%2fruntime 95ms (cache revalidated)
npm http fetch GET 200 https://registry.npmjs.org/agent-base 63ms (cache revalidated)
npm http fetch GET 200 https://registry.npmjs.org/ansi-styles 80ms (cache revalidated)
npm http fetch GET 200 https://registry.npmjs.org/string-width 86ms (cache revalidated)
npm http fetch GET 200 https://registry.npmjs.org/graceful-fs 41ms (cache revalidated)
npm http fetch GET 200 https://registry.npmjs.org/make-dir 39ms (cache revalidated)
npm http fetch GET 200 https://registry.npmjs.org/pify 42ms (cache revalidated)
npm http fetch GET 200 https://registry.npmjs.org/asynckit 38ms (cache revalidated)
npm http fetch GET 200 https://registry.npmjs.org/is-retry-allowed 261ms (cache revalidated)
npm http fetch GET 200 https://registry.npmjs.org/temp-fs 264ms (cache revalidated)
npm http fetch GET 200 https://registry.npmjs.org/combined-stream 41ms (cache revalidated)
npm http fetch GET 200 https://registry.npmjs.org/es-set-tostringtag 40ms (cache revalidated)
npm http fetch GET 200 https://registry.npmjs.org/hasown 42ms (cache revalidated)
npm http fetch GET 200 https://registry.npmjs.org/is-running 252ms (cache revalidated)
npm http fetch GET 200 https://registry.npmjs.org/mime-types 53ms (cache revalidated)
npm http fetch GET 200 https://registry.npmjs.org/universalify 48ms (cache revalidated)
npm http fetch GET 200 https://registry.npmjs.org/decompress-tar 286ms (cache revalidated)
npm http fetch GET 200 https://registry.npmjs.org/decompress-targz 281ms (cache revalidated)
npm http fetch GET 200 https://registry.npmjs.org/decompress-tarbz2 292ms (cache revalidated)
npm http fetch GET 200 https://registry.npmjs.org/@types%2fnode 73ms (cache revalidated)
npm http fetch GET 200 https://registry.npmjs.org/jsonfile 203ms (cache revalidated)
npm http fetch GET 200 https://registry.npmjs.org/decompress-unzip 396ms (cache revalidated)
npm http fetch GET 200 https://registry.npmjs.org/ini 178ms (cache revalidated)
npm http fetch GET 200 https://registry.npmjs.org/strip-dirs 358ms (cache revalidated)
npm http fetch GET 200 https://registry.npmjs.org/once 189ms (cache revalidated)
npm http fetch GET 200 https://registry.npmjs.org/fs.realpath 59ms (cache revalidated)
npm http fetch GET 200 https://registry.npmjs.org/ms 48ms (cache revalidated)
npm http fetch GET 200 https://registry.npmjs.org/inherits 209ms (cache revalidated)
npm http fetch GET 200 https://registry.npmjs.org/diff 55ms (cache revalidated)
npm http fetch GET 200 https://registry.npmjs.org/path-is-absolute 74ms (cache revalidated)
npm http fetch GET 200 https://registry.npmjs.org/inflight 223ms (cache revalidated)
npm http fetch GET 200 https://registry.npmjs.org/minimatch 222ms (cache revalidated)
npm http fetch GET 200 https://registry.npmjs.org/find-up 50ms (cache revalidated)
npm http fetch GET 200 https://registry.npmjs.org/js-yaml 50ms (cache revalidated)
npm http fetch GET 200 https://registry.npmjs.org/chokidar 51ms (cache revalidated)
npm http fetch GET 200 https://registry.npmjs.org/ansi-colors 47ms (cache revalidated)
npm http fetch GET 200 https://registry.npmjs.org/workerpool 57ms (cache revalidated)
npm http fetch GET 200 https://registry.npmjs.org/yargs-unparser 43ms (cache revalidated)
npm http fetch GET 200 https://registry.npmjs.org/yargs-parser 65ms (cache revalidated)
npm http fetch GET 200 https://registry.npmjs.org/minimatch 83ms (cache revalidated)
npm http fetch GET 200 https://registry.npmjs.org/strip-json-comments 50ms (cache revalidated)
npm http fetch GET 200 https://registry.npmjs.org/ps-tree 670ms (cache revalidated)
npm http fetch GET 200 https://registry.npmjs.org/escape-string-regexp 50ms (cache revalidated)
npm http fetch GET 200 https://registry.npmjs.org/slice-ansi 42ms (cache revalidated)
npm http fetch GET 200 https://registry.npmjs.org/get-tsconfig 45ms (cache revalidated)
npm http fetch GET 200 https://registry.npmjs.org/globby 41ms (cache revalidated)
npm http fetch GET 200 https://registry.npmjs.org/ajv 68ms (cache revalidated)
npm http fetch GET 200 https://registry.npmjs.org/he 257ms (cache revalidated)
npm http fetch GET 200 https://registry.npmjs.org/normalize-path 53ms (cache revalidated)
npm http fetch GET 200 https://registry.npmjs.org/duplexer2 45ms (cache revalidated)
npm http fetch GET 200 https://registry.npmjs.org/address 672ms (cache revalidated)
npm http fetch GET 200 https://registry.npmjs.org/serialize-javascript 232ms (cache revalidated)
npm http fetch GET 200 https://registry.npmjs.org/js-queue 255ms (cache revalidated)
npm http fetch GET 200 https://registry.npmjs.org/event-pubsub 258ms (cache revalidated)
npm http fetch GET 200 https://registry.npmjs.org/js-message 278ms (cache revalidated)
npm http fetch GET 200 https://registry.npmjs.org/plimit-lit 251ms (cache revalidated)
npm http fetch GET 200 https://registry.npmjs.org/mylas 292ms (cache revalidated)
npm http fetch GET 200 https://registry.npmjs.org/pupa 234ms (cache revalidated)
npm http fetch GET 200 https://registry.npmjs.org/boxen 247ms (cache revalidated)
npm http fetch GET 200 https://registry.npmjs.org/node-int64 277ms (cache revalidated)
npm http fetch GET 200 https://registry.npmjs.org/is-npm 228ms (cache revalidated)
npm http fetch GET 200 https://registry.npmjs.org/colors 58ms (cache revalidated)
npm http fetch GET 200 https://registry.npmjs.org/isstream 30ms (cache revalidated)
npm http fetch GET 200 https://registry.npmjs.org/import-lazy 236ms (cache revalidated)
npm http fetch GET 200 https://registry.npmjs.org/configstore 253ms (cache revalidated)
npm http fetch GET 200 https://registry.npmjs.org/semver-diff 227ms (cache revalidated)
npm http fetch GET 200 https://registry.npmjs.org/y18n 37ms (cache revalidated)
npm http fetch GET 200 https://registry.npmjs.org/decamelize 48ms (cache revalidated)
npm http fetch GET 200 https://registry.npmjs.org/set-blocking 48ms (cache revalidated)
npm http fetch GET 200 https://registry.npmjs.org/which-module 45ms (cache revalidated)
npm http fetch GET 200 https://registry.npmjs.org/cliui 66ms (cache revalidated)
npm http fetch GET 200 https://registry.npmjs.org/xdg-basedir 252ms (cache revalidated)
npm http fetch GET 200 https://registry.npmjs.org/latest-version 236ms (cache revalidated)
npm http fetch GET 200 https://registry.npmjs.org/require-main-filename 35ms (cache revalidated)
npm http fetch GET 200 https://registry.npmjs.org/require-directory 40ms (cache revalidated)
npm http fetch GET 200 https://registry.npmjs.org/get-caller-file 47ms (cache revalidated)
npm http fetch GET 200 https://registry.npmjs.org/browser-stdout 661ms (cache revalidated)
npm http fetch GET 200 https://registry.npmjs.org/is-in-ci 639ms (cache revalidated)
npm http fetch GET 200 https://registry.npmjs.org/eyes 645ms (cache revalidated)
npm http fetch GET 200 https://registry.npmjs.org/cycle 682ms (cache revalidated)
npm http fetch GET 200 https://registry.npmjs.org/stack-trace 665ms (cache revalidated)
npm http fetch GET 200 https://registry.npmjs.org/lodash.flatten 59ms (cache revalidated)
npm http fetch GET 200 https://registry.npmjs.org/util-deprecate 58ms (cache revalidated)
npm http fetch GET 200 https://registry.npmjs.org/lodash.difference 64ms (cache revalidated)
npm http fetch GET 200 https://registry.npmjs.org/fs-constants 59ms (cache revalidated)
npm http fetch GET 200 https://registry.npmjs.org/bl 62ms (cache revalidated)
npm http fetch GET 200 https://registry.npmjs.org/lodash.union 74ms (cache revalidated)
npm http fetch GET 200 https://registry.npmjs.org/lodash.defaults 77ms (cache revalidated)
npm http fetch GET 200 https://registry.npmjs.org/lodash.isplainobject 77ms (cache revalidated)
npm http fetch GET 200 https://registry.npmjs.org/string_decoder 79ms (cache revalidated)
npm http fetch GET 200 https://registry.npmjs.org/end-of-stream 75ms (cache revalidated)
npm http fetch GET 200 https://registry.npmjs.org/compress-commons 48ms (cache revalidated)
npm http fetch GET 200 https://registry.npmjs.org/lazystream 269ms (cache revalidated)
npm http fetch GET 200 https://registry.npmjs.org/core-util-is 40ms (cache revalidated)
npm http fetch GET 200 https://registry.npmjs.org/process-nextick-args 43ms (cache revalidated)
npm http fetch GET 200 https://registry.npmjs.org/safe-buffer 48ms (cache revalidated)
npm http fetch GET 200 https://registry.npmjs.org/isarray 50ms (cache revalidated)
npm http fetch GET 200 https://registry.npmjs.org/event-stream 40ms (cache revalidated)
npm http fetch GET 200 https://registry.npmjs.org/rimraf 53ms (cache revalidated)
npm http fetch GET 200 https://registry.npmjs.org/color-convert 45ms (cache revalidated)
npm http fetch GET 200 https://registry.npmjs.org/has-flag 237ms (cache revalidated)
npm http fetch GET 200 https://registry.npmjs.org/color-name 48ms (cache revalidated)
npm http fetch GET 200 https://registry.npmjs.org/is-fullwidth-code-point 38ms (cache revalidated)
npm http fetch GET 200 https://registry.npmjs.org/emoji-regex 40ms (cache revalidated)
npm http fetch GET 200 https://registry.npmjs.org/strip-ansi 55ms (cache revalidated)
npm http fetch GET 200 https://registry.npmjs.org/performance-now 56ms (cache revalidated)
npm http fetch GET 200 https://registry.npmjs.org/extend 68ms (cache revalidated)
npm http fetch GET 200 https://registry.npmjs.org/tough-cookie 67ms (cache revalidated)
npm http fetch GET 200 https://registry.npmjs.org/caseless 79ms (cache revalidated)
npm http fetch GET 200 https://registry.npmjs.org/is-typedarray 78ms (cache revalidated)
npm http fetch GET 200 https://registry.npmjs.org/json-stringify-safe 78ms (cache revalidated)
npm http fetch GET 200 https://registry.npmjs.org/qs 79ms (cache revalidated)
npm http fetch GET 200 https://registry.npmjs.org/tunnel-agent 54ms (cache revalidated)
npm http fetch GET 200 https://registry.npmjs.org/base64-js 51ms (cache revalidated)
npm http fetch GET 200 https://registry.npmjs.org/ieee754 52ms (cache revalidated)
npm http fetch GET 200 https://registry.npmjs.org/lodash.once 61ms (cache revalidated)
npm http fetch GET 200 https://registry.npmjs.org/restore-cursor 56ms (cache revalidated)
npm http fetch GET 200 https://registry.npmjs.org/onetime 56ms (cache revalidated)
npm http fetch GET 200 https://registry.npmjs.org/@colors%2fcolors 65ms (cache revalidated)
npm http fetch GET 200 https://registry.npmjs.org/is-stream 36ms (cache revalidated)
npm http fetch GET 200 https://registry.npmjs.org/get-stream 44ms (cache revalidated)
npm http fetch GET 200 https://registry.npmjs.org/cross-spawn 48ms (cache revalidated)
npm http fetch GET 200 https://registry.npmjs.org/signal-exit 50ms (cache revalidated)
npm http fetch GET 200 https://registry.npmjs.org/npm-run-path 47ms (cache revalidated)
npm http fetch GET 200 https://registry.npmjs.org/strip-final-newline 43ms (cache revalidated)
npm http fetch GET 200 https://registry.npmjs.org/human-signals 52ms (cache revalidated)
npm http fetch GET 200 https://registry.npmjs.org/merge-stream 66ms (cache revalidated)
npm http fetch GET 200 https://registry.npmjs.org/@types%2fyauzl 50ms (cache revalidated)
npm http fetch GET 200 https://registry.npmjs.org/at-least-node 44ms (cache revalidated)
npm http fetch GET 200 https://registry.npmjs.org/rfdc 45ms (cache revalidated)
npm http fetch GET 200 https://registry.npmjs.org/p-map 47ms (cache revalidated)
npm http fetch GET 200 https://registry.npmjs.org/rxjs 56ms (cache revalidated)
npm http fetch GET 200 https://registry.npmjs.org/is-path-inside 78ms (cache revalidated)
npm http fetch GET 200 https://registry.npmjs.org/through 47ms (cache revalidated)
npm http fetch GET 200 https://registry.npmjs.org/aws-sign2 276ms (cache revalidated)
npm http fetch GET 200 https://registry.npmjs.org/http-signature 275ms (cache revalidated)
npm http fetch GET 200 https://registry.npmjs.org/aws4 278ms (cache revalidated)
npm http fetch GET 200 https://registry.npmjs.org/forever-agent 286ms (cache revalidated)
npm http fetch GET 200 https://registry.npmjs.org/wrap-ansi 41ms (cache revalidated)
npm http fetch GET 200 https://registry.npmjs.org/is-unicode-supported 48ms (cache revalidated)
npm http fetch GET 200 https://registry.npmjs.org/fd-slicer 54ms (cache revalidated)
npm http fetch GET 200 https://registry.npmjs.org/log-update 84ms (cache revalidated)
npm http fetch GET 200 https://registry.npmjs.org/global-dirs 266ms (cache revalidated)
npm http fetch GET 200 https://registry.npmjs.org/throttleit 245ms (cache revalidated)
npm http fetch GET 200 https://registry.npmjs.org/cli-truncate 264ms (cache revalidated)
npm http fetch GET 200 https://registry.npmjs.org/colorette 637ms (cache revalidated)
npm http fetch GET 200 https://registry.npmjs.org/assert-plus 41ms (cache revalidated)
npm http fetch GET 200 https://registry.npmjs.org/mime-db 47ms (cache revalidated)
npm http fetch GET 200 https://registry.npmjs.org/sshpk 51ms (cache revalidated)
npm http fetch GET 200 https://registry.npmjs.org/delayed-stream 57ms (cache revalidated)
npm http fetch GET 200 https://registry.npmjs.org/jsprim 59ms (cache revalidated)
npm http fetch GET 200 https://registry.npmjs.org/side-channel 58ms (cache revalidated)
npm http fetch GET 200 https://registry.npmjs.org/tldts 66ms (cache revalidated)
npm http fetch GET 200 https://registry.npmjs.org/lodash.isfunction 69ms (cache revalidated)
npm http fetch GET 200 https://registry.npmjs.org/lodash.isstring 71ms (cache revalidated)
npm http fetch GET 200 https://registry.npmjs.org/prop-types 70ms (cache revalidated)
npm http fetch GET 200 https://registry.npmjs.org/escape-html 73ms (cache revalidated)
npm http fetch GET 200 https://registry.npmjs.org/dateformat 246ms (cache revalidated)
npm http fetch GET 200 https://registry.npmjs.org/fsu 257ms (cache revalidated)
npm http fetch GET 200 https://registry.npmjs.org/lodash.isobject 263ms (cache revalidated)
npm http fetch GET 200 https://registry.npmjs.org/tcomb 265ms (cache revalidated)
npm http fetch GET 200 https://registry.npmjs.org/lodash.isempty 277ms (cache revalidated)
npm http fetch GET 200 https://registry.npmjs.org/tcomb-validation 321ms (cache revalidated)
npm http fetch GET 200 https://registry.npmjs.org/opener 632ms (cache revalidated)
npm http fetch GET 200 https://registry.npmjs.org/file-type 64ms (cache revalidated)
npm http fetch GET 200 https://registry.npmjs.org/file-type 72ms (cache revalidated)
npm http fetch GET 200 https://registry.npmjs.org/unbzip2-stream 78ms (cache revalidated)
npm http fetch GET 200 https://registry.npmjs.org/file-type 80ms (cache revalidated)
npm http fetch GET 200 https://registry.npmjs.org/seek-bzip 88ms (cache revalidated)
npm http fetch GET 200 https://registry.npmjs.org/file-type 92ms (cache revalidated)
npm http fetch GET 200 https://registry.npmjs.org/is-natural-number 251ms (cache revalidated)
npm http fetch GET 200 https://registry.npmjs.org/xtend 44ms (cache revalidated)
npm http fetch GET 200 https://registry.npmjs.org/buffer-alloc 245ms (cache revalidated)
npm http fetch GET 200 https://registry.npmjs.org/to-buffer 631ms (cache revalidated)
npm http fetch GET 200 https://registry.npmjs.org/object-assign 37ms (cache revalidated)
npm http fetch GET 200 https://registry.npmjs.org/pinkie-promise 224ms (cache revalidated)
npm http fetch GET 200 https://registry.npmjs.org/ansi-regex 42ms (cache revalidated)
npm http fetch GET 200 https://registry.npmjs.org/which 44ms (cache revalidated)
npm http fetch GET 200 https://registry.npmjs.org/pump 49ms (cache revalidated)
npm http fetch GET 200 https://registry.npmjs.org/mimic-fn 53ms (cache revalidated)
npm http fetch GET 200 https://registry.npmjs.org/shebang-command 59ms (cache revalidated)
npm http fetch GET 200 https://registry.npmjs.org/path-key 60ms (cache revalidated)
npm http fetch GET 200 https://registry.npmjs.org/path-key 58ms (cache revalidated)
npm http fetch GET 200 https://registry.npmjs.org/isexe 45ms (cache revalidated)
npm http fetch GET 200 https://registry.npmjs.org/shebang-regex 48ms (cache revalidated)
npm http fetch GET 200 https://registry.npmjs.org/@types%2fnode 21ms (cache hit)
npm http fetch GET 200 https://registry.npmjs.org/undici-types 33ms (cache revalidated)
npm http fetch GET 200 https://registry.npmjs.org/function-bind 33ms (cache revalidated)
npm http fetch GET 200 https://registry.npmjs.org/es-errors 39ms (cache revalidated)
npm http fetch GET 200 https://registry.npmjs.org/has-tostringtag 39ms (cache revalidated)
npm http fetch GET 200 https://registry.npmjs.org/get-intrinsic 43ms (cache revalidated)
npm http fetch GET 200 https://registry.npmjs.org/has-symbols 51ms (cache revalidated)
npm http fetch GET 200 https://registry.npmjs.org/has-symbols 49ms (cache revalidated)
npm http fetch GET 200 https://registry.npmjs.org/math-intrinsics 53ms (cache revalidated)
npm http fetch GET 200 https://registry.npmjs.org/gopd 56ms (cache revalidated)
npm http fetch GET 200 https://registry.npmjs.org/es-define-property 57ms (cache revalidated)
npm http fetch GET 200 https://registry.npmjs.org/es-object-atoms 59ms (cache revalidated)
npm http fetch GET 200 https://registry.npmjs.org/get-proto 61ms (cache revalidated)
npm http fetch GET 200 https://registry.npmjs.org/call-bind-apply-helpers 61ms (cache revalidated)
npm http fetch GET 200 https://registry.npmjs.org/dunder-proto 34ms (cache revalidated)
npm http fetch GET 200 https://registry.npmjs.org/pinkie 40ms (cache revalidated)
npm http fetch GET 200 https://registry.npmjs.org/wrappy 44ms (cache revalidated)
npm http fetch GET 200 https://registry.npmjs.org/wrappy 45ms (cache revalidated)
npm http fetch GET 200 https://registry.npmjs.org/brace-expansion 59ms (cache revalidated)
npm http fetch GET 200 https://registry.npmjs.org/extsprintf 61ms (cache revalidated)
npm http fetch GET 200 https://registry.npmjs.org/verror 62ms (cache revalidated)
npm http fetch GET 200 https://registry.npmjs.org/getpass 62ms (cache revalidated)
npm http fetch GET 200 https://registry.npmjs.org/ecc-jsbn 64ms (cache revalidated)
npm http fetch GET 200 https://registry.npmjs.org/safer-buffer 70ms (cache revalidated)
npm http fetch GET 200 https://registry.npmjs.org/jsbn 246ms (cache revalidated)
npm http fetch GET 200 https://registry.npmjs.org/asn1 249ms (cache revalidated)
npm http fetch GET 200 https://registry.npmjs.org/bcrypt-pbkdf 252ms (cache revalidated)
npm http fetch GET 200 https://registry.npmjs.org/json-schema 264ms (cache revalidated)
npm http fetch GET 200 https://registry.npmjs.org/dashdash 294ms (cache revalidated)
npm http fetch GET 200 https://registry.npmjs.org/tweetnacl 637ms (cache revalidated)
npm http fetch GET 200 https://registry.npmjs.org/ansi-escapes 43ms (cache revalidated)
npm http fetch GET 200 https://registry.npmjs.org/aggregate-error 44ms (cache revalidated)
npm http fetch GET 200 https://registry.npmjs.org/tslib 47ms (cache revalidated)
npm http fetch GET 200 https://registry.npmjs.org/astral-regex 39ms (cache revalidated)
npm http fetch GET 200 https://registry.npmjs.org/type-fest 55ms (cache revalidated)
npm http fetch GET 200 https://registry.npmjs.org/balanced-match 36ms (cache revalidated)
npm http fetch GET 200 https://registry.npmjs.org/concat-map 47ms (cache revalidated)
npm http fetch GET 200 https://registry.npmjs.org/is-binary-path 52ms (cache revalidated)
npm http fetch GET 200 https://registry.npmjs.org/anymatch 58ms (cache revalidated)
npm http fetch GET 200 https://registry.npmjs.org/locate-path 64ms (cache revalidated)
npm http fetch GET 200 https://registry.npmjs.org/path-exists 65ms (cache revalidated)
npm http fetch GET 200 https://registry.npmjs.org/fsevents 72ms (cache revalidated)
npm http fetch GET 200 https://registry.npmjs.org/is-glob 79ms (cache revalidated)
npm http fetch GET 200 https://registry.npmjs.org/braces 80ms (cache revalidated)
npm http fetch GET 200 https://registry.npmjs.org/readdirp 83ms (cache revalidated)
npm http fetch GET 200 https://registry.npmjs.org/glob-parent 84ms (cache revalidated)
npm http fetch GET 200 https://registry.npmjs.org/randombytes 81ms (cache revalidated)
npm http fetch GET 200 https://registry.npmjs.org/argparse 88ms (cache revalidated)
npm http fetch GET 200 https://registry.npmjs.org/escalade 43ms (cache revalidated)
npm http fetch GET 200 https://registry.npmjs.org/is-plain-obj 49ms (cache revalidated)
npm http fetch GET 200 https://registry.npmjs.org/camelcase 60ms (cache revalidated)
npm http fetch GET 200 https://registry.npmjs.org/flat 55ms (cache revalidated)
npm http fetch GET 200 https://registry.npmjs.org/picomatch 41ms (cache revalidated)
npm http fetch GET 200 https://registry.npmjs.org/binary-extensions 49ms (cache revalidated)
npm http fetch GET 200 https://registry.npmjs.org/fill-range 50ms (cache revalidated)
npm http fetch GET 200 https://registry.npmjs.org/picomatch 55ms (cache revalidated)
npm http fetch GET 200 https://registry.npmjs.org/is-extglob 64ms (cache revalidated)
npm http fetch GET 200 https://registry.npmjs.org/to-regex-range 40ms (cache revalidated)
npm http fetch GET 200 https://registry.npmjs.org/is-number 46ms (cache revalidated)
npm http fetch GET 200 https://registry.npmjs.org/p-locate 32ms (cache revalidated)
npm http fetch GET 200 https://registry.npmjs.org/p-limit 51ms (cache revalidated)
npm http fetch GET 200 https://registry.npmjs.org/loose-envify 42ms (cache revalidated)
npm http fetch GET 200 https://registry.npmjs.org/react-is 60ms (cache revalidated)
npm http fetch GET 200 https://registry.npmjs.org/easy-stack 250ms (cache revalidated)
npm http fetch GET 200 https://registry.npmjs.org/yocto-queue 58ms (cache revalidated)
npm http fetch GET 200 https://registry.npmjs.org/indent-string 46ms (cache revalidated)
npm http fetch GET 200 https://registry.npmjs.org/clean-stack 61ms (cache revalidated)
npm http fetch GET 200 https://registry.npmjs.org/js-tokens 41ms (cache revalidated)
npm http fetch GET 200 https://registry.npmjs.org/split 41ms (cache revalidated)
npm http fetch GET 200 https://registry.npmjs.org/pause-stream 43ms (cache revalidated)
npm http fetch GET 200 https://registry.npmjs.org/duplexer 47ms (cache revalidated)
npm http fetch GET 200 https://registry.npmjs.org/from 48ms (cache revalidated)
npm http fetch GET 200 https://registry.npmjs.org/stream-combiner 48ms (cache revalidated)
npm http fetch GET 200 https://registry.npmjs.org/map-stream 57ms (cache revalidated)
npm http fetch GET 200 https://registry.npmjs.org/side-channel-list 46ms (cache revalidated)
npm http fetch GET 200 https://registry.npmjs.org/side-channel-weakmap 46ms (cache revalidated)
npm http fetch GET 200 https://registry.npmjs.org/object-inspect 52ms (cache revalidated)
npm http fetch GET 200 https://registry.npmjs.org/side-channel-map 61ms (cache revalidated)
npm http fetch GET 200 https://registry.npmjs.org/call-bound 41ms (cache revalidated)
npm http fetch GET 200 https://registry.npmjs.org/call-bound 46ms (cache revalidated)
npm http fetch GET 200 https://registry.npmjs.org/fast-deep-equal 48ms (cache revalidated)
npm http fetch GET 200 https://registry.npmjs.org/json-schema-traverse 50ms (cache revalidated)
npm http fetch GET 200 https://registry.npmjs.org/fast-json-stable-stringify 599ms (cache revalidated)
npm http fetch GET 200 https://registry.npmjs.org/uri-js 609ms (cache revalidated)
npm http fetch GET 200 https://registry.npmjs.org/punycode 40ms (cache revalidated)
npm http fetch GET 200 https://registry.npmjs.org/tldts-core 50ms (cache revalidated)
npm http fetch GET 200 https://registry.npmjs.org/slash 49ms (cache revalidated)
npm http fetch GET 200 https://registry.npmjs.org/merge2 51ms (cache revalidated)
npm http fetch GET 200 https://registry.npmjs.org/ignore 54ms (cache revalidated)
npm http fetch GET 200 https://registry.npmjs.org/dir-glob 58ms (cache revalidated)
npm http fetch GET 200 https://registry.npmjs.org/resolve-pkg-maps 61ms (cache revalidated)
npm http fetch GET 200 https://registry.npmjs.org/fast-glob 60ms (cache revalidated)
npm http fetch GET 200 https://registry.npmjs.org/queue-lit 253ms (cache revalidated)
npm http fetch GET 200 https://registry.npmjs.org/array-union 634ms (cache revalidated)
npm http fetch GET 200 https://registry.npmjs.org/path-type 46ms (cache revalidated)
npm http fetch GET 200 https://registry.npmjs.org/@nodelib%2ffs.stat 51ms (cache revalidated)
npm http fetch GET 200 https://registry.npmjs.org/micromatch 53ms (cache revalidated)
npm http fetch GET 200 https://registry.npmjs.org/@nodelib%2ffs.walk 57ms (cache revalidated)
npm http fetch GET 200 https://registry.npmjs.org/fastq 36ms (cache revalidated)
npm http fetch GET 200 https://registry.npmjs.org/@nodelib%2ffs.scandir 67ms (cache revalidated)
npm http fetch GET 200 https://registry.npmjs.org/run-parallel 41ms (cache revalidated)
npm http fetch GET 200 https://registry.npmjs.org/reusify 47ms (cache revalidated)
npm http fetch GET 200 https://registry.npmjs.org/queue-microtask 37ms (cache revalidated)
npm http fetch GET 200 https://registry.npmjs.org/write-file-atomic 44ms (cache revalidated)
npm http fetch GET 200 https://registry.npmjs.org/widest-line 54ms (cache revalidated)
npm http fetch GET 200 https://registry.npmjs.org/ansi-align 242ms (cache revalidated)
npm http fetch GET 200 https://registry.npmjs.org/unique-string 247ms (cache revalidated)
npm http fetch GET 200 https://registry.npmjs.org/escape-goat 244ms (cache revalidated)
npm http fetch GET 200 https://registry.npmjs.org/package-json 260ms (cache revalidated)
npm http fetch GET 200 https://registry.npmjs.org/cli-boxes 615ms (cache revalidated)
npm http fetch GET 200 https://registry.npmjs.org/dot-prop 624ms (cache revalidated)
npm http fetch GET 200 https://registry.npmjs.org/eastasianwidth 41ms (cache revalidated)
npm http fetch GET 200 https://registry.npmjs.org/imurmurhash 44ms (cache revalidated)
npm http fetch GET 200 https://registry.npmjs.org/crypto-random-string 47ms (cache revalidated)
npm http fetch GET 200 https://registry.npmjs.org/is-obj 238ms (cache revalidated)
npm http fetch GET 200 https://registry.npmjs.org/typedarray-to-buffer 250ms (cache revalidated)
npm http fetch GET 200 https://registry.npmjs.org/got 39ms (cache revalidated)
npm http fetch GET 200 https://registry.npmjs.org/registry-url 234ms (cache revalidated)
npm http fetch GET 200 https://registry.npmjs.org/registry-auth-token 643ms (cache revalidated)
npm http fetch GET 200 https://registry.npmjs.org/p-cancelable 63ms (cache revalidated)
npm http fetch GET 200 https://registry.npmjs.org/decompress-response 61ms (cache revalidated)
npm http fetch GET 200 https://registry.npmjs.org/form-data-encoder 68ms (cache revalidated)
npm http fetch GET 200 https://registry.npmjs.org/cacheable-request 70ms (cache revalidated)
npm http fetch GET 200 https://registry.npmjs.org/cacheable-lookup 74ms (cache revalidated)
npm http fetch GET 200 https://registry.npmjs.org/http2-wrapper 78ms (cache revalidated)
npm http fetch GET 200 https://registry.npmjs.org/rc 61ms (cache revalidated)
npm http fetch GET 200 https://registry.npmjs.org/@sindresorhus%2fis 214ms (cache revalidated)
npm http fetch GET 200 https://registry.npmjs.org/lowercase-keys 257ms (cache revalidated)
npm http fetch GET 200 https://registry.npmjs.org/responselike 266ms (cache revalidated)
npm http fetch GET 200 https://registry.npmjs.org/@szmarczak%2fhttp-timer 632ms (cache revalidated)
npm http fetch GET 200 https://registry.npmjs.org/@pnpm%2fnpm-conf 1041ms (cache revalidated)
npm http fetch GET 200 https://registry.npmjs.org/quick-lru 51ms (cache revalidated)
npm http fetch GET 200 https://registry.npmjs.org/keyv 57ms (cache revalidated)
npm http fetch GET 200 https://registry.npmjs.org/resolve-alpn 60ms (cache revalidated)
npm http fetch GET 200 https://registry.npmjs.org/@types%2fhttp-cache-semantics 63ms (cache revalidated)
npm http fetch GET 200 https://registry.npmjs.org/normalize-url 72ms (cache revalidated)
npm http fetch GET 200 https://registry.npmjs.org/defer-to-connect 244ms (cache revalidated)
npm http fetch GET 200 https://registry.npmjs.org/mimic-response 248ms (cache revalidated)
npm http fetch GET 200 https://registry.npmjs.org/mimic-response 247ms (cache revalidated)
npm http fetch GET 200 https://registry.npmjs.org/http-cache-semantics 254ms (cache revalidated)
npm http fetch GET 200 https://registry.npmjs.org/json-buffer 36ms (cache revalidated)
npm http fetch GET 200 https://registry.npmjs.org/config-chain 33ms (cache revalidated)
npm http fetch GET 200 https://registry.npmjs.org/@pnpm%2fconfig.env-replace 411ms (cache revalidated)
npm http fetch GET 200 https://registry.npmjs.org/@pnpm%2fnetwork.ca-file 612ms (cache revalidated)
npm http fetch GET 200 https://registry.npmjs.org/proto-list 244ms (cache revalidated)
npm http fetch GET 200 https://registry.npmjs.org/deep-extend 40ms (cache revalidated)
npm http fetch GET 200 https://registry.npmjs.org/pend 42ms (cache revalidated)
npm http fetch GET 200 https://registry.npmjs.org/crc32-stream 41ms (cache revalidated)
npm http fetch GET 200 https://registry.npmjs.org/crc-32 45ms (cache revalidated)
npm http fetch GET 200 https://registry.npmjs.org/typed-array-buffer 37ms (cache revalidated)
npm http fetch GET 200 https://registry.npmjs.org/buffer-fill 248ms (cache revalidated)
npm http fetch GET 200 https://registry.npmjs.org/buffer-alloc-unsafe 270ms (cache revalidated)
npm http fetch GET 200 https://registry.npmjs.org/is-typed-array 38ms (cache revalidated)
npm http fetch GET 200 https://registry.npmjs.org/which-typed-array 38ms (cache revalidated)
npm http fetch GET 200 https://registry.npmjs.org/call-bind 36ms (cache revalidated)
npm http fetch GET 200 https://registry.npmjs.org/for-each 49ms (cache revalidated)
npm http fetch GET 200 https://registry.npmjs.org/available-typed-arrays 51ms (cache revalidated)
npm http fetch GET 200 https://registry.npmjs.org/set-function-length 43ms (cache revalidated)
npm http fetch GET 200 https://registry.npmjs.org/possible-typed-array-names 47ms (cache revalidated)
npm http fetch GET 200 https://registry.npmjs.org/is-callable 47ms (cache revalidated)
npm http fetch GET 200 https://registry.npmjs.org/define-data-property 38ms (cache revalidated)
npm http fetch GET 200 https://registry.npmjs.org/has-property-descriptors 40ms (cache revalidated)
npm http fetch GET 200 https://registry.npmjs.org/p-try 43ms (cache revalidated)
npm verbose reify failed optional dependency C:\PosGraduacao\PGATS-TrabalhoFinal-Web-Cypress\tmpBstackPackages\node_modules\fsevents
npm http fetch POST 200 https://registry.npmjs.org/-/npm/v1/security/advisories/bulk 772ms
npm warn deprecated inflight@1.0.6: This module is not supported, and leaks memory. Do not use it. Check out lru-cache if you want a good and tested way to coalesce async requests by a key value, which is much more comprehensive and powerful.
npm warn deprecated rimraf@2.5.4: Rimraf versions prior to v4 are no longer supported
npm warn deprecated glob@7.2.3: Glob versions prior to v9 are no longer supported
npm warn deprecated glob@8.1.0: Glob versions prior to v9 are no longer supported
npm http fetch GET 200 https://registry.npmjs.org/browserstack-local 818ms (cache revalidated)
npm http fetch GET 200 https://registry.npmjs.org/browserstack-cypress-cli 80ms (cache hit)
npm info run cypress@13.17.0 postinstall node_modules/cypress node index.js --exec install
npm info run cypress@13.17.0 postinstall { code: 0, signal: null }

added 544 packages, and audited 545 packages in 35s

113 packages are looking for funding
  run `npm fund` for details

2 moderate severity vulnerabilities

To address all issues (including breaking changes), run:
  npm audit fix --force

Run `npm audit` for details.
npm verbose cwd C:\PosGraduacao\PGATS-TrabalhoFinal-Web-Cypress\tmpBstackPackages
npm verbose os Windows_NT 10.0.26100
npm verbose node v20.19.5
npm verbose npm  v10.8.2
npm verbose exit 0
npm info ok
